2019-06-20T20:52:48.108Z debug: Initialized helix-config with: 
2019-06-20T20:52:48.110Z debug:      srcPath: /Users/uncled/codez/character-landing/.hlx/pages/master/src
2019-06-20T20:52:48.110Z debug:     buildDir: /Users/uncled/codez/character-landing/.hlx/build
2019-06-20T20:52:49.271Z debug: Launching helix simulation server for development...
2019-06-20T20:52:49.279Z info: Starting helix-simulator v2.12.12
2019-06-20T20:52:49.282Z info: Local Helix Dev server up and running: http://localhost:3000/
2019-06-20T20:52:49.432Z debug: current strain: default: {
  "code": "https://github.com/davidnuescheler/character-landing.git#master",
  "content": "https://github.com/davidnuescheler/character-landing.git#master",
  "static": "https://github.com/adobe/helix-pages.git/htdocs#master",
  "directoryIndex": "index.html",
  "name": "default"
}
2019-06-20T20:52:49.434Z debug: Launching local git server...
2019-06-20T20:52:49.540Z debug: git emulating https://github.com/davidnuescheler/character-landing.git via http://127.0.0.1:59105/helix/github.com--davidnuescheler--character-landing.git#master from './'
2019-06-20T20:52:49.542Z debug: git emulating https://github.com/adobe/helix-pages.git/htdocs via http://127.0.0.1:59105/helix/github.com--adobe--helix-pages.git#master from './.hlx/pages/master'
2019-06-20T20:52:49.546Z debug: resolved /index.html -> html
2019-06-20T20:52:51.184Z debug: Constructing HTML Pipeline
2019-06-20T20:52:51.184Z debug: Creating pipeline
2019-06-20T20:52:51.186Z debug: initializing ajv {"useDefaults":true,"coerceTypes":true}
2019-06-20T20:52:51.205Z debug: - https://ns.adobe.com/helix/pipeline/action
2019-06-20T20:52:51.206Z debug: - https://ns.adobe.com/helix/pipeline/content
2019-06-20T20:52:51.206Z debug: - https://ns.adobe.com/helix/pipeline/context
2019-06-20T20:52:51.207Z debug: - https://ns.adobe.com/helix/pipeline/mdast
2019-06-20T20:52:51.207Z debug: - https://ns.adobe.com/helix/pipeline/meta
2019-06-20T20:52:51.208Z debug: - https://ns.adobe.com/helix/pipeline/position
2019-06-20T20:52:51.208Z debug: - https://ns.adobe.com/helix/pipeline/rawrequest
2019-06-20T20:52:51.209Z debug: - https://ns.adobe.com/helix/pipeline/request
2019-06-20T20:52:51.209Z debug: - https://ns.adobe.com/helix/pipeline/response
2019-06-20T20:52:51.210Z debug: - https://ns.adobe.com/helix/pipeline/secrets
2019-06-20T20:52:51.210Z debug: - https://ns.adobe.com/helix/pipeline/section
2019-06-20T20:52:51.210Z debug: - https://ns.adobe.com/helix/pipeline/textcoordinates
2019-06-20T20:52:51.211Z debug: ajv initialized
2019-06-20T20:52:51.211Z debug: Coercing secrets
2019-06-20T20:52:51.215Z debug: Running HTML pipeline
2019-06-20T20:52:51.218Z debug: initializing ajv {}
2019-06-20T20:52:51.224Z debug: - https://ns.adobe.com/helix/pipeline/action
2019-06-20T20:52:51.225Z debug: - https://ns.adobe.com/helix/pipeline/content
2019-06-20T20:52:51.225Z debug: - https://ns.adobe.com/helix/pipeline/context
2019-06-20T20:52:51.229Z debug: - https://ns.adobe.com/helix/pipeline/mdast
2019-06-20T20:52:51.229Z debug: - https://ns.adobe.com/helix/pipeline/meta
2019-06-20T20:52:51.230Z debug: - https://ns.adobe.com/helix/pipeline/position
2019-06-20T20:52:51.230Z debug: - https://ns.adobe.com/helix/pipeline/rawrequest
2019-06-20T20:52:51.230Z debug: - https://ns.adobe.com/helix/pipeline/request
2019-06-20T20:52:51.231Z debug: - https://ns.adobe.com/helix/pipeline/response
2019-06-20T20:52:51.231Z debug: - https://ns.adobe.com/helix/pipeline/secrets
2019-06-20T20:52:51.231Z debug: - https://ns.adobe.com/helix/pipeline/section
2019-06-20T20:52:51.231Z debug: - https://ns.adobe.com/helix/pipeline/textcoordinates
2019-06-20T20:52:51.232Z debug: ajv initialized
2019-06-20T20:52:51.249Z debug: fetching Markdown from http://127.0.0.1:59105/raw/helix/github.com--davidnuescheler--character-landing/master/index.md
2019-06-20T20:52:51.304Z error: Could not find Markdown at http://127.0.0.1:59105/raw/helix/github.com--davidnuescheler--character-landing/master/index.md
2019-06-20T20:52:51.317Z info: Writing context dumps to: /Users/uncled/codez/character-landing/logs/debug/context_dump_20190520-2052-51.0307_index.html_22ca401dd6defc537f53a42a7b5fc79e
2019-06-20T20:52:51.323Z debug: fetching static resource from http://127.0.0.1:59105/raw/helix/github.com--davidnuescheler--character-landing/master/index.html
2019-06-20T20:52:51.331Z debug: fetching static resource from http://127.0.0.1:59105/raw/helix/github.com--adobe--helix-pages/master/htdocs/index.html
2019-06-20T20:52:51.360Z error: Resource not found: /index.html
